# JRE version: OpenJDK Runtime Environment (17.0.6) (build 17.0.6+0-b2043.56-10027231)
# Java VM: OpenJDK 64-Bit Server VM (17.0.6+0-b2043.56-10027231, mixed mode, tiered, compressed oops, compressed class ptrs, g1 gc, windows-amd64)
GC Precious Log:
 CPUs: 8 total, 8 available
 Memory: 6005M
 Large Page Support: Disabled
 NUMA Support: Disabled
 Compressed Oops: Enabled (32-bit)
 Heap Region Size: 1M
 Heap Min Capacity: 8M
 Heap Initial Capacity: 94M
 Heap Max Capacity: 1536M
 Pre-touch: Disabled
 Parallel Workers: 8
 Concurrent Workers: 2
 Concurrent Refinement Workers: 8
 Periodic GC: Disabled
Heap:
 garbage-first heap   total 397312K, used 359908K [0x00000000a0000000, 0x0000000100000000)
  region size 1024K, 15 young (15360K), 2 survivors (2048K)
 Metaspace       used 126407K, committed 127744K, reserved 1163264K
  class space    used 17083K, committed 17600K, reserved 1048576K
GC Heap History (20 events):
Event: 64.954 GC heap before
{Heap before GC invocations=87 (full 0):
 garbage-first heap   total 297984K, used 236261K [0x00000000a0000000, 0x0000000100000000)
  region size 1024K, 79 young (80896K), 9 survivors (9216K)
 Metaspace       used 113509K, committed 114752K, reserved 1155072K
  class space    used 15649K, committed 16192K, reserved 1048576K
}
Event: 64.976 GC heap after
{Heap after GC invocations=88 (full 0):
 garbage-first heap   total 297984K, used 169715K [0x00000000a0000000, 0x0000000100000000)
  region size 1024K, 7 young (7168K), 7 survivors (7168K)
 Metaspace       used 113509K, committed 114752K, reserved 1155072K
  class space    used 15649K, committed 16192K, reserved 1048576K
}
Event: 66.174 GC heap before
{Heap before GC invocations=88 (full 0):
 garbage-first heap   total 297984K, used 240371K [0x00000000a0000000, 0x0000000100000000)
  region size 1024K, 77 young (78848K), 7 survivors (7168K)
 Metaspace       used 113833K, committed 115136K, reserved 1155072K
  class space    used 15675K, committed 16192K, reserved 1048576K
}
Event: 66.182 GC heap after
{Heap after GC invocations=89 (full 0):
 garbage-first heap   total 297984K, used 176823K [0x00000000a0000000, 0x0000000100000000)
  region size 1024K, 8 young (8192K), 8 survivors (8192K)
 Metaspace       used 113833K, committed 115136K, reserved 1155072K
  class space    used 15675K, committed 16192K, reserved 1048576K
}
Event: 67.534 GC heap before
{Heap before GC invocations=89 (full 0):
 garbage-first heap   total 297984K, used 243383K [0x00000000a0000000, 0x0000000100000000)
  region size 1024K, 74 young (75776K), 8 survivors (8192K)
 Metaspace       used 117502K, committed 118848K, reserved 1155072K
  class space    used 16205K, committed 16768K, reserved 1048576K
}
Event: 67.542 GC heap after
{Heap after GC invocations=90 (full 0):
 garbage-first heap   total 297984K, used 181097K [0x00000000a0000000, 0x0000000100000000)
  region size 1024K, 5 young (5120K), 5 survivors (5120K)
 Metaspace       used 117502K, committed 118848K, reserved 1155072K
  class space    used 16205K, committed 16768K, reserved 1048576K
}
Event: 69.009 GC heap before
{Heap before GC invocations=90 (full 0):
 garbage-first heap   total 297984K, used 248681K [0x00000000a0000000, 0x0000000100000000)
  region size 1024K, 69 young (70656K), 5 survivors (5120K)
 Metaspace       used 123474K, committed 124736K, reserved 1163264K
  class space    used 16857K, committed 17408K, reserved 1048576K
}
Event: 69.022 GC heap after
{Heap after GC invocations=91 (full 0):
 garbage-first heap   total 297984K, used 194451K [0x00000000a0000000, 0x0000000100000000)
  region size 1024K, 9 young (9216K), 9 survivors (9216K)
 Metaspace       used 123474K, committed 124736K, reserved 1163264K
  class space    used 16857K, committed 17408K, reserved 1048576K
}
Event: 71.032 GC heap before
{Heap before GC invocations=91 (full 0):
 garbage-first heap   total 297984K, used 245651K [0x00000000a0000000, 0x0000000100000000)
  region size 1024K, 60 young (61440K), 9 survivors (9216K)
 Metaspace       used 125046K, committed 126336K, reserved 1163264K
  class space    used 16933K, committed 17472K, reserved 1048576K
}
Event: 71.041 GC heap after
{Heap after GC invocations=92 (full 0):
 garbage-first heap   total 297984K, used 196102K [0x00000000a0000000, 0x0000000100000000)
  region size 1024K, 4 young (4096K), 4 survivors (4096K)
 Metaspace       used 125046K, committed 126336K, reserved 1163264K
  class space    used 16933K, committed 17472K, reserved 1048576K
}
Event: 76.011 GC heap before
{Heap before GC invocations=92 (full 0):
 garbage-first heap   total 297984K, used 247302K [0x00000000a0000000, 0x0000000100000000)
  region size 1024K, 55 young (56320K), 4 survivors (4096K)
 Metaspace       used 125793K, committed 127168K, reserved 1163264K
  class space    used 17031K, committed 17600K, reserved 1048576K
}
Event: 76.024 GC heap after
{Heap after GC invocations=93 (full 0):
 garbage-first heap   total 297984K, used 203357K [0x00000000a0000000, 0x0000000100000000)
  region size 1024K, 7 young (7168K), 7 survivors (7168K)
 Metaspace       used 125793K, committed 127168K, reserved 1163264K
  class space    used 17031K, committed 17600K, reserved 1048576K
}
Event: 76.966 GC heap before
{Heap before GC invocations=93 (full 0):
 garbage-first heap   total 297984K, used 250461K [0x00000000a0000000, 0x0000000100000000)
  region size 1024K, 52 young (53248K), 7 survivors (7168K)
 Metaspace       used 126040K, committed 127360K, reserved 1163264K
  class space    used 17055K, committed 17600K, reserved 1048576K
}
Event: 76.982 GC heap after
{Heap after GC invocations=94 (full 0):
 garbage-first heap   total 297984K, used 215682K [0x00000000a0000000, 0x0000000100000000)
  region size 1024K, 7 young (7168K), 7 survivors (7168K)
 Metaspace       used 126040K, committed 127360K, reserved 1163264K
  class space    used 17055K, committed 17600K, reserved 1048576K
}
Event: 77.339 GC heap before
{Heap before GC invocations=94 (full 0):
 garbage-first heap   total 297984K, used 235138K [0x00000000a0000000, 0x0000000100000000)
  region size 1024K, 28 young (28672K), 7 survivors (7168K)
 Metaspace       used 126344K, committed 127616K, reserved 1163264K
  class space    used 17082K, committed 17600K, reserved 1048576K
}
Event: 77.349 GC heap after
{Heap after GC invocations=95 (full 0):
 garbage-first heap   total 297984K, used 216643K [0x00000000a0000000, 0x0000000100000000)
  region size 1024K, 4 young (4096K), 4 survivors (4096K)
 Metaspace       used 126344K, committed 127616K, reserved 1163264K
  class space    used 17082K, committed 17600K, reserved 1048576K
}
Event: 77.423 GC heap before
{Heap before GC invocations=95 (full 0):
 garbage-first heap   total 336896K, used 282179K [0x00000000a0000000, 0x0000000100000000)
  region size 1024K, 5 young (5120K), 4 survivors (4096K)
 Metaspace       used 126351K, committed 127616K, reserved 1163264K
  class space    used 17083K, committed 17600K, reserved 1048576K
}
Event: 77.426 GC heap after
{Heap after GC invocations=96 (full 0):
 garbage-first heap   total 336896K, used 282645K [0x00000000a0000000, 0x0000000100000000)
  region size 1024K, 1 young (1024K), 1 survivors (1024K)
 Metaspace       used 126351K, committed 127616K, reserved 1163264K
  class space    used 17083K, committed 17600K, reserved 1048576K
}
Event: 77.890 GC heap before
{Heap before GC invocations=96 (full 0):
 garbage-first heap   total 397312K, used 368661K [0x00000000a0000000, 0x0000000100000000)
  region size 1024K, 16 young (16384K), 1 survivors (1024K)
 Metaspace       used 126378K, committed 127616K, reserved 1163264K
  class space    used 17083K, committed 17600K, reserved 1048576K
}
Event: 77.895 GC heap after
{Heap after GC invocations=97 (full 0):
 garbage-first heap   total 397312K, used 348644K [0x00000000a0000000, 0x0000000100000000)
  region size 1024K, 2 young (2048K), 2 survivors (2048K)
 Metaspace       used 126378K, committed 127616K, reserved 1163264K
  class space    used 17083K, committed 17600K, reserved 1048576K
}

